make all --print-data-base --no-builtin-variables --no-builtin-rules --question
# GNU Make 3.81
# Copyright (C) 2006  Free Software Foundation, Inc.
# This is free software; see the source for copying conditions.
# There is NO warranty; not even for MERCHANTABILITY or FITNESS FOR A
# PARTICULAR PURPOSE.

# This program built for i386-apple-darwin11.3.0
 
make: *** No rule to make target `src/lib/hell/hell.h', needed by `obj/libsformat.o'.  Stop.
 

 
# Make data base, printed on Mon Feb 28 19:41:21 2022

# Variables

# automatic
<D = $(patsubst %/,%,$(dir $<))
# automatic
?F = $(notdir $?)
# makefile (from `Makefile', line 24)
OBJ = $(SRC:$(SRCDIR)/%$(EXT)=$(OBJDIR)/%.o)
# makefile (from `Makefile', line 22)
SRC = $(wildcard $(SRCDIR)/*$(EXT))
# environment
VSCODE_LOG_NATIVE = false
# automatic
?D = $(patsubst %/,%,$(dir $?))
# automatic
@D = $(patsubst %/,%,$(dir $@))
# makefile (from `Makefile', line 31)
EXE = .exe
# automatic
@F = $(notdir $@)
# makefile
CURDIR := /Users/dasdias/SoftwareProjects/c-sformat
# makefile
SHELL = /bin/sh
# makefile (from `Makefile', line 27)
RM = rm
# environment
VSCODE_NLS_CONFIG = {"locale":"en-gb","availableLanguages":{},"_languagePackSupport":true}
# environment
_ = /usr/bin/make
# makefile (from `libtest.d', line 1)
MAKEFILE_LIST :=  Makefile libsformat.d libtest.d
# makefile (from `Makefile', line 10)
CXXFLAGS = -Wall -Werror -Wextra -g
# environment
VSCODE_VERBOSE_LOGGING = true
# environment
__CFBundleIdentifier = com.microsoft.VSCode
# environment
INFOPATH = /opt/homebrew/share/info:
# makefile (from `Makefile', line 30)
DEL = del
# environment
VSCODE_IPC_HOOK_EXTHOST = /var/folders/vv/xctyh4bd2td6k2w_gvh_t2vr0000gn/T/vscode-ipc-3791dd8a-de2d-483a-a7ee-46bc08ce54df.sock
# environment
VSCODE_CWD = /
# environment
PATH = /opt/anaconda3/bin:/opt/anaconda3/condabin:/opt/homebrew/bin:/opt/homebrew/sbin:/usr/local/bin:/usr/bin:/bin:/usr/sbin:/sbin:/Users/dasdias/.cargo/bin
# makefile (from `Makefile', line 25)
DEP = $(OBJ:$(OBJDIR)/%.o=%.d)
# environment
LaunchInstanceID = 359B57A8-2F21-4C40-BF3B-263E10A35B84
# environment
VSCODE_LOG_STACK = false
# environment
ELECTRON_RUN_AS_NODE = 1
# makefile (from `Makefile', line 13)
LDFLAGS = 
# default
.FEATURES := target-specific order-only second-expansion else-if archives jobserver check-symlink
# environment
SSH_AUTH_SOCK = /private/tmp/com.apple.launchd.RagYBjmBBh/Listeners
# makefile (from `Makefile', line 18)
SRCDIR = src
# automatic
%F = $(notdir $%)
# environment
CONDA_EXE = /opt/anaconda3/bin/conda
# environment
VSCODE_PIPE_LOGGING = true
# environment
PWD = /Users/dasdias/SoftwareProjects/c-sformat
# environment
HOMEBREW_CELLAR = /opt/homebrew/Cellar
# environment
ORIGINAL_XDG_CURRENT_DESKTOP = undefined
# environment
MANPATH = /opt/homebrew/share/man::
# environment
VSCODE_AMD_ENTRYPOINT = vs/workbench/services/extensions/node/extensionHostProcess
# environment
HOME = /Users/dasdias
# default
MAKEFILEPATH = $(shell /usr/bin/xcode-select -print-path 2>/dev/null || echo /Developer)/Makefiles
# environment
VSCODE_CODE_CACHE_PATH = /Users/dasdias/Library/Application Support/Code/CachedData/f80445acd5a3dadef24aa209168452a3d97cc326
# environment
LOGNAME = dasdias
# environment
APPLICATION_INSIGHTS_NO_DIAGNOSTIC_CHANNEL = 1
# makefile (from `Makefile', line 28)
DELOBJ = $(OBJ)
# environment
CONDA_PROMPT_MODIFIER = (base) 
# environment
VSCODE_HANDLES_UNCAUGHT_ERRORS = true
# automatic
^D = $(patsubst %/,%,$(dir $^))
# environment
CONDA_DEFAULT_ENV = base
# environment
XPC_FLAGS = 0x0
# default
MAKE = $(MAKE_COMMAND)
# default
MAKECMDGOALS := all
# environment
SHLVL = 1
# makefile (from `Makefile', line 9)
CC = clang
# default
MAKE_VERSION := 3.81
# environment
USER = dasdias
# makefile
.DEFAULT_GOAL := all
# automatic
%D = $(patsubst %/,%,$(dir $%))
# environment
CONDA_SHLVL = 1
# default
MAKE_COMMAND := /Library/Developer/CommandLineTools/usr/bin/make
# default
.VARIABLES := 
# environment
TMPDIR = /var/folders/vv/xctyh4bd2td6k2w_gvh_t2vr0000gn/T/
# automatic
*F = $(notdir $*)
# environment
VSCODE_IPC_HOOK = /Users/dasdias/Library/Application Support/Code/1.64.2-main.sock
# makefile (from `Makefile', line 17)
EXT = .c
# makefile
MAKEFLAGS = Rrqp
# environment
MFLAGS = -Rrqp
# automatic
*D = $(patsubst %/,%,$(dir $*))
# environment
XPC_SERVICE_NAME = application.com.microsoft.VSCode.5133488.5133494
# environment
HOMEBREW_PREFIX = /opt/homebrew
# automatic
+D = $(patsubst %/,%,$(dir $+))
# automatic
+F = $(notdir $+)
# makefile (from `Makefile', line 16)
APPNAME = libtest
# environment
HOMEBREW_REPOSITORY = /opt/homebrew
# environment
__CF_USER_TEXT_ENCODING = 0x1F5:0x0:0x2
# environment
COMMAND_MODE = unix2003
# default
MAKEFILES := 
# automatic
<F = $(notdir $<)
# makefile (from `Makefile', line 20)
OBJDIR = obj
# environment
LC_ALL = C
# makefile (from `Makefile', line 32)
WDELOBJ = $(SRC:$(SRCDIR)/%$(EXT)=$(OBJDIR)\\%.o)
# environment
CONDA_PYTHON_EXE = /opt/anaconda3/bin/python
# environment
SECURITYSESSIONID = 186b2
# automatic
^F = $(notdir $^)
# default
SUFFIXES := 
# environment
_CE_M = 
# environment
MAKELEVEL := 0
# environment
CONDA_PREFIX = /opt/anaconda3
# environment
VSCODE_PID = 589
# environment
_CE_CONDA = 
# environment
LANG = C
# variable set hash-table stats:
 
# Load=91/1024=9%, Rehash=0, Collisions=5/141=4%

# Pattern-specific Variable Values

# No pattern-specific variable values.

# Directories

# . (device 16777232, inode 5304601): 13 files, no impossibilities.
# src (device 16777232, inode 5304608): 8 files, no impossibilities.

# 21 files, no impossibilities in 2 directories.

# Implicit Rules

%.d: src/%.c
#  commands to execute (from `Makefile', line 48):
	@$(CPP) $(CFLAGS) $< -MM -MT $(@:%.d=$(OBJDIR)/%.o) >$@
	@echo make 'dependecy rules creation' complete.
	

obj/%.o: src/%.c
#  commands to execute (from `Makefile', line 56):
	$(CC) $(CXXFLAGS) -o $@ -c $<
	@echo make 'rule build' complete.
	

# 2 implicit rules, 0 (0.0%) terminal.

# Files

obj/libsformat.o: src/libsformat.c src/libsformat.c src/sformat.h src/lib/hell/hell.h
#  Implicit rule search has been done.
#  Implicit/static pattern stem: `libsformat'
#  Last modified 2022-02-28 19:38:44
#  File has not been updated.
# variable set hash-table stats:
# Load=0/32=0%, Rehash=0, Collisions=0/0=0%
#  commands to execute (from `Makefile', line 56):
	$(CC) $(CXXFLAGS) -o $@ -c $<
	@echo make 'rule build' complete.
	

all: libtest
#  Command-line target.
#  Implicit rule search has not been done.
#  File does not exist.
#  File has not been updated.
# variable set hash-table stats:
# Load=0/32=0%, Rehash=0, Collisions=0/0=0%
#  commands to execute (from `Makefile', line 39):
	@echo make 'all' complete.
	

.PHONY: clean cleandep cleanw cleandepw
#  Implicit rule search has not been done.
#  Modification time never checked.
#  File has not been updated.

# Not a target:
.SUFFIXES:
#  Implicit rule search has not been done.
#  Modification time never checked.
#  File has not been updated.

libtest: obj/libsformat.o obj/libtest.o
#  Implicit rule search has not been done.
#  Last modified 2022-02-28 19:38:44
#  File has not been updated.
# variable set hash-table stats:
# Load=0/32=0%, Rehash=0, Collisions=0/0=0%
#  commands to execute (from `Makefile', line 43):
	$(CC) $(CXXFLAGS) -o $@ $^ $(LDFLAGS)
	@echo make 'build' complete.
	

# Not a target:
Makefile:
#  Implicit rule search has been done.
#  Last modified 2022-02-28 19:41:19
#  File has been updated.
#  Successfully updated.
# variable set hash-table stats:
# Load=0/32=0%, Rehash=0, Collisions=0/0=0%

# Not a target:
src/libsformat.c:
#  Implicit rule search has been done.
#  Last modified 2022-02-28 19:37:50
#  File has been updated.
#  Successfully updated.
# variable set hash-table stats:
# Load=0/32=0%, Rehash=0, Collisions=0/0=0%

libsformat.d: src/libsformat.c
#  A default, MAKEFILES, or -include/sinclude makefile.
#  Implicit rule search has been done.
#  Implicit/static pattern stem: `libsformat'
#  Last modified 2022-02-28 19:38:44
#  File has been updated.
#  Successfully updated.
# variable set hash-table stats:
# Load=0/32=0%, Rehash=0, Collisions=0/0=0%
#  commands to execute (from `Makefile', line 48):
	@$(CPP) $(CFLAGS) $< -MM -MT $(@:%.d=$(OBJDIR)/%.o) >$@
	@echo make 'dependecy rules creation' complete.
	

# Not a target:
src/lib/hell/hell.h:
#  Implicit rule search has been done.
#  File does not exist.
#  File has not been updated.
# variable set hash-table stats:
# Load=0/32=0%, Rehash=0, Collisions=0/0=0%

cleanw:
#  Phony target (prerequisite of .PHONY).
#  Implicit rule search has not been done.
#  File does not exist.
#  File has not been updated.
#  commands to execute (from `Makefile', line 75):
	$(DEL) $(WDELOBJ) $(DEP) $(APPNAME)$(EXE)
	

# Not a target:
.DEFAULT:
#  Implicit rule search has not been done.
#  Modification time never checked.
#  File has not been updated.

cleandep:
#  Phony target (prerequisite of .PHONY).
#  Implicit rule search has not been done.
#  File does not exist.
#  File has not been updated.
#  commands to execute (from `Makefile', line 69):
	$(RM) $(DEP)
	

cleandepw:
#  Phony target (prerequisite of .PHONY).
#  Implicit rule search has not been done.
#  File does not exist.
#  File has not been updated.
#  commands to execute (from `Makefile', line 80):
	$(DEL) $(DEP)
	

# Not a target:
src/sformat.h:
#  Implicit rule search has been done.
#  Last modified 2022-02-28 19:38:18
#  File has been updated.
#  Successfully updated.
# variable set hash-table stats:
# Load=0/32=0%, Rehash=0, Collisions=0/0=0%

clean:
#  Phony target (prerequisite of .PHONY).
#  Implicit rule search has not been done.
#  File does not exist.
#  File has not been updated.
#  commands to execute (from `Makefile', line 63):
	$(RM) $(DELOBJ) $(DEP) $(APPNAME)
	@echo make 'clean' complete.
	

obj/libtest.o: src/libtest.c src/sformat.h src/lib/hell/hell.h
#  Implicit rule search has not been done.
#  Modification time never checked.
#  File has not been updated.

# Not a target:
src/libtest.c:
#  Implicit rule search has been done.
#  Last modified 2022-02-28 15:37:20
#  File has been updated.
#  Successfully updated.
# variable set hash-table stats:
# Load=0/32=0%, Rehash=0, Collisions=0/0=0%

libtest.d: src/libtest.c
#  A default, MAKEFILES, or -include/sinclude makefile.
#  Implicit rule search has been done.
#  Implicit/static pattern stem: `libtest'
#  Last modified 2022-02-28 19:38:44
#  File has been updated.
#  Successfully updated.
# variable set hash-table stats:
# Load=0/32=0%, Rehash=0, Collisions=0/0=0%
#  commands to execute (from `Makefile', line 48):
	@$(CPP) $(CFLAGS) $< -MM -MT $(@:%.d=$(OBJDIR)/%.o) >$@
	@echo make 'dependecy rules creation' complete.
	

# files hash-table stats:
# Load=18/1024=2%, Rehash=0, Collisions=0/57=0%
# VPATH Search Paths

# No `vpath' search paths.

# No general (`VPATH' variable) search path.

# # of strings in strcache: 3
# # of strcache buffers: 1
# strcache size: total = 4096 / max = 4096 / min = 4096 / avg = 4096
# strcache free: total = 4064 / max = 4064 / min = 4064 / avg = 4064

# Finished Make data base on Mon Feb 28 19:41:21 2022

 
